<?xml version="1.0" encoding="UTF-8"?>
<!-- Generated by org.testng.reporters.JUnitReportReporter -->
<testsuite skipped="0" hostname="DESKTOP-L8VCTKP" name="request.PostRequest" tests="1" failures="0" timestamp="27 Sep 2019 08:03:39 GMT" time="0.938" errors="0">
  <testcase name="createPlaceAPI" time="0.938" classname="request.PostRequest"/>
</testsuite> <!-- request.PostRequest -->
